2017-02-06 19:43:50 - PHP Warning:  fsockopen(): php_network_getaddresses: getaddrinfo failed: Name or service not known in /var/lib/openshift/58984b277628e1f7f200010e/app-root/runtime/repo/e-market/system/library/mail.php on line 167
2017-02-06 19:43:50 - PHP Warning:  fsockopen(): unable to connect to :25 (php_network_getaddresses: getaddrinfo failed: Name or service not known) in /var/lib/openshift/58984b277628e1f7f200010e/app-root/runtime/repo/e-market/system/library/mail.php on line 167
2017-02-06 19:44:09 - PHP Warning:  fsockopen(): php_network_getaddresses: getaddrinfo failed: Name or service not known in /var/lib/openshift/58984b277628e1f7f200010e/app-root/runtime/repo/e-market/system/library/mail.php on line 167
2017-02-06 19:44:09 - PHP Warning:  fsockopen(): unable to connect to :25 (php_network_getaddresses: getaddrinfo failed: Name or service not known) in /var/lib/openshift/58984b277628e1f7f200010e/app-root/runtime/repo/e-market/system/library/mail.php on line 167
2017-02-06 20:07:44 - PHP Warning:  fsockopen(): SSL operation failed with code 1. OpenSSL Error messages:
error:140770FC:SSL routines:SSL23_GET_SERVER_HELLO:unknown protocol in /var/lib/openshift/58984b277628e1f7f200010e/app-root/runtime/repo/e-market/system/library/mail.php on line 167
2017-02-06 20:07:44 - PHP Warning:  fsockopen(): Failed to enable crypto in /var/lib/openshift/58984b277628e1f7f200010e/app-root/runtime/repo/e-market/system/library/mail.php on line 167
2017-02-06 20:07:44 - PHP Warning:  fsockopen(): unable to connect to ssl://smtp.yandex.ru:25 (Unknown error) in /var/lib/openshift/58984b277628e1f7f200010e/app-root/runtime/repo/e-market/system/library/mail.php on line 167
2017-02-06 20:08:10 - PHP Warning:  fsockopen(): SSL operation failed with code 1. OpenSSL Error messages:
error:140770FC:SSL routines:SSL23_GET_SERVER_HELLO:unknown protocol in /var/lib/openshift/58984b277628e1f7f200010e/app-root/runtime/repo/e-market/system/library/mail.php on line 167
2017-02-06 20:08:10 - PHP Warning:  fsockopen(): Failed to enable crypto in /var/lib/openshift/58984b277628e1f7f200010e/app-root/runtime/repo/e-market/system/library/mail.php on line 167
2017-02-06 20:08:10 - PHP Warning:  fsockopen(): unable to connect to ssl://smtp.yandex.ru:587 (Unknown error) in /var/lib/openshift/58984b277628e1f7f200010e/app-root/runtime/repo/e-market/system/library/mail.php on line 167
2017-02-06 20:09:36 - PHP Warning:  fsockopen(): SSL operation failed with code 1. OpenSSL Error messages:
error:140770FC:SSL routines:SSL23_GET_SERVER_HELLO:unknown protocol in /var/lib/openshift/58984b277628e1f7f200010e/app-root/runtime/repo/e-market/system/library/mail.php on line 167
2017-02-06 20:09:36 - PHP Warning:  fsockopen(): Failed to enable crypto in /var/lib/openshift/58984b277628e1f7f200010e/app-root/runtime/repo/e-market/system/library/mail.php on line 167
2017-02-06 20:09:36 - PHP Warning:  fsockopen(): unable to connect to ssl://smtp.yandex.ru:587 (Unknown error) in /var/lib/openshift/58984b277628e1f7f200010e/app-root/runtime/repo/e-market/system/library/mail.php on line 167
2017-02-07 6:46:59 - PHP Notice:  Error: MAIL FROM not accepted from server! in /var/lib/openshift/58984b277628e1f7f200010e/app-root/runtime/repo/e-market/system/library/mail.php on line 253
2017-02-07 6:47:27 - PHP Notice:  Error: MAIL FROM not accepted from server! in /var/lib/openshift/58984b277628e1f7f200010e/app-root/runtime/repo/e-market/system/library/mail.php on line 253
2017-02-07 6:47:58 - PHP Notice:  Error: EHLO not accepted from server! in /var/lib/openshift/58984b277628e1f7f200010e/app-root/runtime/repo/e-market/system/library/mail.php on line 159
2017-02-07 12:56:02 - PHP Notice:  Undefined index: info@posm.com.ua in /var/lib/openshift/58984b277628e1f7f200010e/app-root/runtime/repo/e-market/catalog/controller/information/contact.php on line 21
2017-02-07 12:56:55 - PHP Notice:  Undefined index: info@posm.com.ua in /var/lib/openshift/58984b277628e1f7f200010e/app-root/runtime/repo/e-market/catalog/controller/information/contact.php on line 21
2017-02-12 17:12:37 - PHP Notice:  Undefined variable: text_returning_customer in /var/lib/openshift/58984b277628e1f7f200010e/app-root/runtime/repo/e-market/catalog/view/theme/default/template/checkout/checkout.tpl on line 26
2017-02-12 17:12:37 - PHP Notice:  Undefined variable: text_i_am_returning_customer in /var/lib/openshift/58984b277628e1f7f200010e/app-root/runtime/repo/e-market/catalog/view/theme/default/template/checkout/checkout.tpl on line 26
2017-02-12 17:12:37 - PHP Notice:  Undefined variable: entry_email in /var/lib/openshift/58984b277628e1f7f200010e/app-root/runtime/repo/e-market/catalog/view/theme/default/template/checkout/checkout.tpl on line 34
2017-02-12 17:12:37 - PHP Notice:  Undefined variable: entry_email in /var/lib/openshift/58984b277628e1f7f200010e/app-root/runtime/repo/e-market/catalog/view/theme/default/template/checkout/checkout.tpl on line 35
2017-02-12 17:12:37 - PHP Notice:  Undefined variable: entry_password in /var/lib/openshift/58984b277628e1f7f200010e/app-root/runtime/repo/e-market/catalog/view/theme/default/template/checkout/checkout.tpl on line 38
2017-02-12 17:12:37 - PHP Notice:  Undefined variable: entry_password in /var/lib/openshift/58984b277628e1f7f200010e/app-root/runtime/repo/e-market/catalog/view/theme/default/template/checkout/checkout.tpl on line 39
2017-02-12 17:12:37 - PHP Notice:  Undefined variable: button_login in /var/lib/openshift/58984b277628e1f7f200010e/app-root/runtime/repo/e-market/catalog/view/theme/default/template/checkout/checkout.tpl on line 43
2017-02-12 17:12:37 - PHP Notice:  Undefined variable: forgotten in /var/lib/openshift/58984b277628e1f7f200010e/app-root/runtime/repo/e-market/catalog/view/theme/default/template/checkout/checkout.tpl on line 44
2017-02-12 17:12:37 - PHP Notice:  Undefined variable: text_forgotten in /var/lib/openshift/58984b277628e1f7f200010e/app-root/runtime/repo/e-market/catalog/view/theme/default/template/checkout/checkout.tpl on line 44
2017-02-12 17:12:37 - PHP Notice:  Undefined variable: text_your_details in /var/lib/openshift/58984b277628e1f7f200010e/app-root/runtime/repo/e-market/catalog/view/theme/default/template/checkout/checkout.tpl on line 57
2017-02-12 17:12:37 - PHP Notice:  Undefined variable: entry_customer_group in /var/lib/openshift/58984b277628e1f7f200010e/app-root/runtime/repo/e-market/catalog/view/theme/default/template/checkout/checkout.tpl on line 62
2017-02-12 17:12:37 - PHP Notice:  Undefined variable: customer_groups in /var/lib/openshift/58984b277628e1f7f200010e/app-root/runtime/repo/e-market/catalog/view/theme/default/template/checkout/checkout.tpl on line 63
2017-02-12 17:12:37 - PHP Warning:  Invalid argument supplied for foreach() in /var/lib/openshift/58984b277628e1f7f200010e/app-root/runtime/repo/e-market/catalog/view/theme/default/template/checkout/checkout.tpl on line 63
2017-02-12 17:12:37 - PHP Notice:  Undefined variable: entry_firstname in /var/lib/openshift/58984b277628e1f7f200010e/app-root/runtime/repo/e-market/catalog/view/theme/default/template/checkout/checkout.tpl on line 80
2017-02-12 17:12:37 - PHP Notice:  Undefined variable: entry_firstname in /var/lib/openshift/58984b277628e1f7f200010e/app-root/runtime/repo/e-market/catalog/view/theme/default/template/checkout/checkout.tpl on line 81
2017-02-12 17:12:37 - PHP Notice:  Undefined variable: entry_lastname in /var/lib/openshift/58984b277628e1f7f200010e/app-root/runtime/repo/e-market/catalog/view/theme/default/template/checkout/checkout.tpl on line 84
2017-02-12 17:12:37 - PHP Notice:  Undefined variable: entry_lastname in /var/lib/openshift/58984b277628e1f7f200010e/app-root/runtime/repo/e-market/catalog/view/theme/default/template/checkout/checkout.tpl on line 85
2017-02-12 17:12:37 - PHP Notice:  Undefined variable: entry_email in /var/lib/openshift/58984b277628e1f7f200010e/app-root/runtime/repo/e-market/catalog/view/theme/default/template/checkout/checkout.tpl on line 88
2017-02-12 17:12:37 - PHP Notice:  Undefined variable: entry_email in /var/lib/openshift/58984b277628e1f7f200010e/app-root/runtime/repo/e-market/catalog/view/theme/default/template/checkout/checkout.tpl on line 89
2017-02-12 17:12:37 - PHP Notice:  Undefined variable: entry_telephone in /var/lib/openshift/58984b277628e1f7f200010e/app-root/runtime/repo/e-market/catalog/view/theme/default/template/checkout/checkout.tpl on line 92
2017-02-12 17:12:37 - PHP Notice:  Undefined variable: entry_telephone in /var/lib/openshift/58984b277628e1f7f200010e/app-root/runtime/repo/e-market/catalog/view/theme/default/template/checkout/checkout.tpl on line 93
2017-02-12 17:12:37 - PHP Notice:  Undefined variable: entry_fax in /var/lib/openshift/58984b277628e1f7f200010e/app-root/runtime/repo/e-market/catalog/view/theme/default/template/checkout/checkout.tpl on line 97
2017-02-12 17:12:37 - PHP Notice:  Undefined variable: entry_fax in /var/lib/openshift/58984b277628e1f7f200010e/app-root/runtime/repo/e-market/catalog/view/theme/default/template/checkout/checkout.tpl on line 98
2017-02-12 17:12:37 - PHP Notice:  Undefined variable: text_your_address in /var/lib/openshift/58984b277628e1f7f200010e/app-root/runtime/repo/e-market/catalog/view/theme/default/template/checkout/checkout.tpl on line 103
2017-02-12 17:12:37 - PHP Notice:  Undefined variable: addresses in /var/lib/openshift/58984b277628e1f7f200010e/app-root/runtime/repo/e-market/catalog/view/theme/default/template/checkout/checkout.tpl on line 105
2017-02-12 17:12:37 - PHP Notice:  Undefined variable: entry_company in /var/lib/openshift/58984b277628e1f7f200010e/app-root/runtime/repo/e-market/catalog/view/theme/default/template/checkout/checkout.tpl on line 137
2017-02-12 17:12:37 - PHP Notice:  Undefined variable: entry_company in /var/lib/openshift/58984b277628e1f7f200010e/app-root/runtime/repo/e-market/catalog/view/theme/default/template/checkout/checkout.tpl on line 138
2017-02-12 17:12:37 - PHP Notice:  Undefined variable: entry_address_1 in /var/lib/openshift/58984b277628e1f7f200010e/app-root/runtime/repo/e-market/catalog/view/theme/default/template/checkout/checkout.tpl on line 164
2017-02-12 17:12:37 - PHP Notice:  Undefined variable: entry_address_1 in /var/lib/openshift/58984b277628e1f7f200010e/app-root/runtime/repo/e-market/catalog/view/theme/default/template/checkout/checkout.tpl on line 165
2017-02-12 17:12:37 - PHP Notice:  Undefined variable: entry_address_2 in /var/lib/openshift/58984b277628e1f7f200010e/app-root/runtime/repo/e-market/catalog/view/theme/default/template/checkout/checkout.tpl on line 168
2017-02-12 17:12:37 - PHP Notice:  Undefined variable: entry_address_2 in /var/lib/openshift/58984b277628e1f7f200010e/app-root/runtime/repo/e-market/catalog/view/theme/default/template/checkout/checkout.tpl on line 169
2017-02-12 17:12:37 - PHP Notice:  Undefined variable: entry_country in /var/lib/openshift/58984b277628e1f7f200010e/app-root/runtime/repo/e-market/catalog/view/theme/default/template/checkout/checkout.tpl on line 172
2017-02-12 17:12:37 - PHP Notice:  Undefined variable: text_select in /var/lib/openshift/58984b277628e1f7f200010e/app-root/runtime/repo/e-market/catalog/view/theme/default/template/checkout/checkout.tpl on line 174
2017-02-12 17:12:37 - PHP Notice:  Undefined variable: countries in /var/lib/openshift/58984b277628e1f7f200010e/app-root/runtime/repo/e-market/catalog/view/theme/default/template/checkout/checkout.tpl on line 175
2017-02-12 17:12:37 - PHP Warning:  Invalid argument supplied for foreach() in /var/lib/openshift/58984b277628e1f7f200010e/app-root/runtime/repo/e-market/catalog/view/theme/default/template/checkout/checkout.tpl on line 175
2017-02-12 17:12:37 - PHP Notice:  Undefined variable: entry_zone in /var/lib/openshift/58984b277628e1f7f200010e/app-root/runtime/repo/e-market/catalog/view/theme/default/template/checkout/checkout.tpl on line 185
2017-02-12 17:12:37 - PHP Notice:  Undefined variable: entry_city in /var/lib/openshift/58984b277628e1f7f200010e/app-root/runtime/repo/e-market/catalog/view/theme/default/template/checkout/checkout.tpl on line 190
2017-02-12 17:12:37 - PHP Notice:  Undefined variable: entry_city in /var/lib/openshift/58984b277628e1f7f200010e/app-root/runtime/repo/e-market/catalog/view/theme/default/template/checkout/checkout.tpl on line 191
2017-02-12 17:12:37 - PHP Notice:  Undefined variable: entry_postcode in /var/lib/openshift/58984b277628e1f7f200010e/app-root/runtime/repo/e-market/catalog/view/theme/default/template/checkout/checkout.tpl on line 194
2017-02-12 17:12:37 - PHP Notice:  Undefined variable: entry_postcode in /var/lib/openshift/58984b277628e1f7f200010e/app-root/runtime/repo/e-market/catalog/view/theme/default/template/checkout/checkout.tpl on line 195
2017-02-12 17:12:37 - PHP Notice:  Undefined variable: text_register in /var/lib/openshift/58984b277628e1f7f200010e/app-root/runtime/repo/e-market/catalog/view/theme/default/template/checkout/checkout.tpl on line 202
2017-02-12 17:12:37 - PHP Notice:  Undefined variable: entry_password in /var/lib/openshift/58984b277628e1f7f200010e/app-root/runtime/repo/e-market/catalog/view/theme/default/template/checkout/checkout.tpl on line 209
2017-02-12 17:12:37 - PHP Notice:  Undefined variable: entry_password in /var/lib/openshift/58984b277628e1f7f200010e/app-root/runtime/repo/e-market/catalog/view/theme/default/template/checkout/checkout.tpl on line 210
2017-02-12 17:12:37 - PHP Notice:  Undefined variable: entry_confirm in /var/lib/openshift/58984b277628e1f7f200010e/app-root/runtime/repo/e-market/catalog/view/theme/default/template/checkout/checkout.tpl on line 213
2017-02-12 17:12:37 - PHP Notice:  Undefined variable: entry_confirm in /var/lib/openshift/58984b277628e1f7f200010e/app-root/runtime/repo/e-market/catalog/view/theme/default/template/checkout/checkout.tpl on line 214
2017-02-12 17:12:37 - PHP Notice:  Undefined variable: text_address_new in /var/lib/openshift/58984b277628e1f7f200010e/app-root/runtime/repo/e-market/catalog/view/theme/default/template/checkout/checkout.tpl on line 291
2017-02-12 17:12:37 - PHP Notice:  Undefined variable: addresses in /var/lib/openshift/58984b277628e1f7f200010e/app-root/runtime/repo/e-market/catalog/view/theme/default/template/checkout/checkout.tpl on line 296
2017-02-12 17:12:37 - PHP Notice:  Undefined variable: addresses in /var/lib/openshift/58984b277628e1f7f200010e/app-root/runtime/repo/e-market/catalog/view/theme/default/template/checkout/checkout.tpl on line 325
2017-02-12 17:12:37 - PHP Notice:  Undefined variable: entry_firstname in /var/lib/openshift/58984b277628e1f7f200010e/app-root/runtime/repo/e-market/catalog/view/theme/default/template/checkout/checkout.tpl on line 327
2017-02-12 17:12:37 - PHP Notice:  Undefined variable: entry_firstname in /var/lib/openshift/58984b277628e1f7f200010e/app-root/runtime/repo/e-market/catalog/view/theme/default/template/checkout/checkout.tpl on line 329
2017-02-12 17:12:37 - PHP Notice:  Undefined variable: entry_lastname in /var/lib/openshift/58984b277628e1f7f200010e/app-root/runtime/repo/e-market/catalog/view/theme/default/template/checkout/checkout.tpl on line 333
2017-02-12 17:12:37 - PHP Notice:  Undefined variable: entry_lastname in /var/lib/openshift/58984b277628e1f7f200010e/app-root/runtime/repo/e-market/catalog/view/theme/default/template/checkout/checkout.tpl on line 335
2017-02-12 17:12:37 - PHP Notice:  Undefined variable: entry_company in /var/lib/openshift/58984b277628e1f7f200010e/app-root/runtime/repo/e-market/catalog/view/theme/default/template/checkout/checkout.tpl on line 340
2017-02-12 17:12:37 - PHP Notice:  Undefined variable: entry_company in /var/lib/openshift/58984b277628e1f7f200010e/app-root/runtime/repo/e-market/catalog/view/theme/default/template/checkout/checkout.tpl on line 342
2017-02-12 17:12:37 - PHP Notice:  Undefined variable: entry_address_1 in /var/lib/openshift/58984b277628e1f7f200010e/app-root/runtime/repo/e-market/catalog/view/theme/default/template/checkout/checkout.tpl on line 349
2017-02-12 17:12:37 - PHP Notice:  Undefined variable: entry_address_1 in /var/lib/openshift/58984b277628e1f7f200010e/app-root/runtime/repo/e-market/catalog/view/theme/default/template/checkout/checkout.tpl on line 351
2017-02-12 17:12:37 - PHP Notice:  Undefined variable: entry_address_2 in /var/lib/openshift/58984b277628e1f7f200010e/app-root/runtime/repo/e-market/catalog/view/theme/default/template/checkout/checkout.tpl on line 355
2017-02-12 17:12:37 - PHP Notice:  Undefined variable: entry_address_2 in /var/lib/openshift/58984b277628e1f7f200010e/app-root/runtime/repo/e-market/catalog/view/theme/default/template/checkout/checkout.tpl on line 357
2017-02-12 17:12:37 - PHP Notice:  Undefined variable: entry_city in /var/lib/openshift/58984b277628e1f7f200010e/app-root/runtime/repo/e-market/catalog/view/theme/default/template/checkout/checkout.tpl on line 361
2017-02-12 17:12:37 - PHP Notice:  Undefined variable: entry_city in /var/lib/openshift/58984b277628e1f7f200010e/app-root/runtime/repo/e-market/catalog/view/theme/default/template/checkout/checkout.tpl on line 363
2017-02-12 17:12:37 - PHP Notice:  Undefined variable: entry_postcode in /var/lib/openshift/58984b277628e1f7f200010e/app-root/runtime/repo/e-market/catalog/view/theme/default/template/checkout/checkout.tpl on line 367
2017-02-12 17:12:37 - PHP Notice:  Undefined variable: postcode in /var/lib/openshift/58984b277628e1f7f200010e/app-root/runtime/repo/e-market/catalog/view/theme/default/template/checkout/checkout.tpl on line 369
2017-02-12 17:12:37 - PHP Notice:  Undefined variable: entry_postcode in /var/lib/openshift/58984b277628e1f7f200010e/app-root/runtime/repo/e-market/catalog/view/theme/default/template/checkout/checkout.tpl on line 369
2017-02-12 17:12:37 - PHP Notice:  Undefined variable: entry_country in /var/lib/openshift/58984b277628e1f7f200010e/app-root/runtime/repo/e-market/catalog/view/theme/default/template/checkout/checkout.tpl on line 373
2017-02-12 17:12:37 - PHP Notice:  Undefined variable: text_select in /var/lib/openshift/58984b277628e1f7f200010e/app-root/runtime/repo/e-market/catalog/view/theme/default/template/checkout/checkout.tpl on line 376
2017-02-12 17:12:37 - PHP Notice:  Undefined variable: countries in /var/lib/openshift/58984b277628e1f7f200010e/app-root/runtime/repo/e-market/catalog/view/theme/default/template/checkout/checkout.tpl on line 377
2017-02-12 17:12:37 - PHP Warning:  Invalid argument supplied for foreach() in /var/lib/openshift/58984b277628e1f7f200010e/app-root/runtime/repo/e-market/catalog/view/theme/default/template/checkout/checkout.tpl on line 377
2017-02-12 17:12:37 - PHP Notice:  Undefined variable: entry_zone in /var/lib/openshift/58984b277628e1f7f200010e/app-root/runtime/repo/e-market/catalog/view/theme/default/template/checkout/checkout.tpl on line 388
2017-02-12 17:12:37 - PHP Notice:  Undefined variable: shipping_methods in /var/lib/openshift/58984b277628e1f7f200010e/app-root/runtime/repo/e-market/catalog/view/theme/default/template/checkout/checkout.tpl on line 496
2017-02-12 17:12:37 - PHP Notice:  Undefined variable: text_cart in /var/lib/openshift/58984b277628e1f7f200010e/app-root/runtime/repo/e-market/catalog/view/theme/default/template/checkout/checkout.tpl on line 521
2017-02-12 17:12:37 - PHP Notice:  Undefined variable: column_name in /var/lib/openshift/58984b277628e1f7f200010e/app-root/runtime/repo/e-market/catalog/view/theme/default/template/checkout/checkout.tpl on line 525
2017-02-12 17:12:37 - PHP Notice:  Undefined variable: column_model in /var/lib/openshift/58984b277628e1f7f200010e/app-root/runtime/repo/e-market/catalog/view/theme/default/template/checkout/checkout.tpl on line 526
2017-02-12 17:12:37 - PHP Notice:  Undefined variable: column_quantity in /var/lib/openshift/58984b277628e1f7f200010e/app-root/runtime/repo/e-market/catalog/view/theme/default/template/checkout/checkout.tpl on line 527
2017-02-12 17:12:37 - PHP Notice:  Undefined variable: column_price in /var/lib/openshift/58984b277628e1f7f200010e/app-root/runtime/repo/e-market/catalog/view/theme/default/template/checkout/checkout.tpl on line 528
2017-02-12 17:12:37 - PHP Notice:  Undefined variable: column_total in /var/lib/openshift/58984b277628e1f7f200010e/app-root/runtime/repo/e-market/catalog/view/theme/default/template/checkout/checkout.tpl on line 529
2017-02-12 17:12:37 - PHP Notice:  Undefined variable: products in /var/lib/openshift/58984b277628e1f7f200010e/app-root/runtime/repo/e-market/catalog/view/theme/default/template/checkout/checkout.tpl on line 533
2017-02-12 17:12:37 - PHP Warning:  Invalid argument supplied for foreach() in /var/lib/openshift/58984b277628e1f7f200010e/app-root/runtime/repo/e-market/catalog/view/theme/default/template/checkout/checkout.tpl on line 533
2017-02-12 17:12:37 - PHP Notice:  Undefined variable: vouchers in /var/lib/openshift/58984b277628e1f7f200010e/app-root/runtime/repo/e-market/catalog/view/theme/default/template/checkout/checkout.tpl on line 546
2017-02-12 17:12:37 - PHP Warning:  Invalid argument supplied for foreach() in /var/lib/openshift/58984b277628e1f7f200010e/app-root/runtime/repo/e-market/catalog/view/theme/default/template/checkout/checkout.tpl on line 546
2017-02-12 17:12:37 - PHP Notice:  Undefined variable: totals in /var/lib/openshift/58984b277628e1f7f200010e/app-root/runtime/repo/e-market/catalog/view/theme/default/template/checkout/checkout.tpl on line 557
2017-02-12 17:12:37 - PHP Warning:  Invalid argument supplied for foreach() in /var/lib/openshift/58984b277628e1f7f200010e/app-root/runtime/repo/e-market/catalog/view/theme/default/template/checkout/checkout.tpl on line 557
2017-02-12 17:12:37 - PHP Notice:  Undefined variable: payment_methods in /var/lib/openshift/58984b277628e1f7f200010e/app-root/runtime/repo/e-market/catalog/view/theme/default/template/checkout/checkout.tpl on line 570
2017-02-12 17:12:37 - PHP Notice:  Undefined variable: text_comments in /var/lib/openshift/58984b277628e1f7f200010e/app-root/runtime/repo/e-market/catalog/view/theme/default/template/checkout/checkout.tpl on line 587
2017-02-12 17:12:37 - PHP Notice:  Undefined variable: comment in /var/lib/openshift/58984b277628e1f7f200010e/app-root/runtime/repo/e-market/catalog/view/theme/default/template/checkout/checkout.tpl on line 589
2017-02-12 17:12:37 - PHP Notice:  Undefined variable: text_agree in /var/lib/openshift/58984b277628e1f7f200010e/app-root/runtime/repo/e-market/catalog/view/theme/default/template/checkout/checkout.tpl on line 591
2017-02-12 17:12:37 - PHP Notice:  Undefined variable: button_continue in /var/lib/openshift/58984b277628e1f7f200010e/app-root/runtime/repo/e-market/catalog/view/theme/default/template/checkout/checkout.tpl on line 605
2017-02-12 17:12:37 - PHP Notice:  Undefined variable: payment in /var/lib/openshift/58984b277628e1f7f200010e/app-root/runtime/repo/e-market/catalog/view/theme/default/template/checkout/checkout.tpl on line 611
2017-02-12 17:12:37 - PHP Notice:  Undefined variable: text_select in /var/lib/openshift/58984b277628e1f7f200010e/app-root/runtime/repo/e-market/catalog/view/theme/default/template/checkout/checkout.tpl on line 717
2017-02-12 17:12:37 - PHP Notice:  Undefined variable: zone_id in /var/lib/openshift/58984b277628e1f7f200010e/app-root/runtime/repo/e-market/catalog/view/theme/default/template/checkout/checkout.tpl on line 723
2017-02-12 17:12:37 - PHP Notice:  Undefined variable: text_none in /var/lib/openshift/58984b277628e1f7f200010e/app-root/runtime/repo/e-market/catalog/view/theme/default/template/checkout/checkout.tpl on line 730
2017-02-12 17:12:37 - PHP Notice:  Undefined variable: text_select in /var/lib/openshift/58984b277628e1f7f200010e/app-root/runtime/repo/e-market/catalog/view/theme/default/template/checkout/checkout.tpl on line 759
2017-02-12 17:12:37 - PHP Notice:  Undefined variable: zone_id in /var/lib/openshift/58984b277628e1f7f200010e/app-root/runtime/repo/e-market/catalog/view/theme/default/template/checkout/checkout.tpl on line 765
2017-02-12 17:12:37 - PHP Notice:  Undefined variable: text_none in /var/lib/openshift/58984b277628e1f7f200010e/app-root/runtime/repo/e-market/catalog/view/theme/default/template/checkout/checkout.tpl on line 772
2017-02-12 17:12:42 - PHP Notice:  Undefined variable: text_returning_customer in /var/lib/openshift/58984b277628e1f7f200010e/app-root/runtime/repo/e-market/catalog/view/theme/default/template/checkout/checkout.tpl on line 26
2017-02-12 17:12:42 - PHP Notice:  Undefined variable: text_i_am_returning_customer in /var/lib/openshift/58984b277628e1f7f200010e/app-root/runtime/repo/e-market/catalog/view/theme/default/template/checkout/checkout.tpl on line 26
2017-02-12 17:12:42 - PHP Notice:  Undefined variable: entry_email in /var/lib/openshift/58984b277628e1f7f200010e/app-root/runtime/repo/e-market/catalog/view/theme/default/template/checkout/checkout.tpl on line 34
2017-02-12 17:12:42 - PHP Notice:  Undefined variable: entry_email in /var/lib/openshift/58984b277628e1f7f200010e/app-root/runtime/repo/e-market/catalog/view/theme/default/template/checkout/checkout.tpl on line 35
2017-02-12 17:12:42 - PHP Notice:  Undefined variable: entry_password in /var/lib/openshift/58984b277628e1f7f200010e/app-root/runtime/repo/e-market/catalog/view/theme/default/template/checkout/checkout.tpl on line 38
2017-02-12 17:12:42 - PHP Notice:  Undefined variable: entry_password in /var/lib/openshift/58984b277628e1f7f200010e/app-root/runtime/repo/e-market/catalog/view/theme/default/template/checkout/checkout.tpl on line 39
2017-02-12 17:12:42 - PHP Notice:  Undefined variable: button_login in /var/lib/openshift/58984b277628e1f7f200010e/app-root/runtime/repo/e-market/catalog/view/theme/default/template/checkout/checkout.tpl on line 43
2017-02-12 17:12:42 - PHP Notice:  Undefined variable: forgotten in /var/lib/openshift/58984b277628e1f7f200010e/app-root/runtime/repo/e-market/catalog/view/theme/default/template/checkout/checkout.tpl on line 44
2017-02-12 17:12:42 - PHP Notice:  Undefined variable: text_forgotten in /var/lib/openshift/58984b277628e1f7f200010e/app-root/runtime/repo/e-market/catalog/view/theme/default/template/checkout/checkout.tpl on line 44
2017-02-12 17:12:42 - PHP Notice:  Undefined variable: text_your_details in /var/lib/openshift/58984b277628e1f7f200010e/app-root/runtime/repo/e-market/catalog/view/theme/default/template/checkout/checkout.tpl on line 57
2017-02-12 17:12:42 - PHP Notice:  Undefined variable: entry_customer_group in /var/lib/openshift/58984b277628e1f7f200010e/app-root/runtime/repo/e-market/catalog/view/theme/default/template/checkout/checkout.tpl on line 62
2017-02-12 17:12:42 - PHP Notice:  Undefined variable: customer_groups in /var/lib/openshift/58984b277628e1f7f200010e/app-root/runtime/repo/e-market/catalog/view/theme/default/template/checkout/checkout.tpl on line 63
2017-02-12 17:12:42 - PHP Warning:  Invalid argument supplied for foreach() in /var/lib/openshift/58984b277628e1f7f200010e/app-root/runtime/repo/e-market/catalog/view/theme/default/template/checkout/checkout.tpl on line 63
2017-02-12 17:12:42 - PHP Notice:  Undefined variable: entry_firstname in /var/lib/openshift/58984b277628e1f7f200010e/app-root/runtime/repo/e-market/catalog/view/theme/default/template/checkout/checkout.tpl on line 80
2017-02-12 17:12:42 - PHP Notice:  Undefined variable: entry_firstname in /var/lib/openshift/58984b277628e1f7f200010e/app-root/runtime/repo/e-market/catalog/view/theme/default/template/checkout/checkout.tpl on line 81
2017-02-12 17:12:42 - PHP Notice:  Undefined variable: entry_lastname in /var/lib/openshift/58984b277628e1f7f200010e/app-root/runtime/repo/e-market/catalog/view/theme/default/template/checkout/checkout.tpl on line 84
2017-02-12 17:12:42 - PHP Notice:  Undefined variable: entry_lastname in /var/lib/openshift/58984b277628e1f7f200010e/app-root/runtime/repo/e-market/catalog/view/theme/default/template/checkout/checkout.tpl on line 85
2017-02-12 17:12:42 - PHP Notice:  Undefined variable: entry_email in /var/lib/openshift/58984b277628e1f7f200010e/app-root/runtime/repo/e-market/catalog/view/theme/default/template/checkout/checkout.tpl on line 88
2017-02-12 17:12:42 - PHP Notice:  Undefined variable: entry_email in /var/lib/openshift/58984b277628e1f7f200010e/app-root/runtime/repo/e-market/catalog/view/theme/default/template/checkout/checkout.tpl on line 89
2017-02-12 17:12:42 - PHP Notice:  Undefined variable: entry_telephone in /var/lib/openshift/58984b277628e1f7f200010e/app-root/runtime/repo/e-market/catalog/view/theme/default/template/checkout/checkout.tpl on line 92
2017-02-12 17:12:42 - PHP Notice:  Undefined variable: entry_telephone in /var/lib/openshift/58984b277628e1f7f200010e/app-root/runtime/repo/e-market/catalog/view/theme/default/template/checkout/checkout.tpl on line 93
2017-02-12 17:12:42 - PHP Notice:  Undefined variable: entry_fax in /var/lib/openshift/58984b277628e1f7f200010e/app-root/runtime/repo/e-market/catalog/view/theme/default/template/checkout/checkout.tpl on line 97
2017-02-12 17:12:42 - PHP Notice:  Undefined variable: entry_fax in /var/lib/openshift/58984b277628e1f7f200010e/app-root/runtime/repo/e-market/catalog/view/theme/default/template/checkout/checkout.tpl on line 98
2017-02-12 17:12:42 - PHP Notice:  Undefined variable: text_your_address in /var/lib/openshift/58984b277628e1f7f200010e/app-root/runtime/repo/e-market/catalog/view/theme/default/template/checkout/checkout.tpl on line 103
2017-02-12 17:12:42 - PHP Notice:  Undefined variable: addresses in /var/lib/openshift/58984b277628e1f7f200010e/app-root/runtime/repo/e-market/catalog/view/theme/default/template/checkout/checkout.tpl on line 105
2017-02-12 17:12:42 - PHP Notice:  Undefined variable: entry_company in /var/lib/openshift/58984b277628e1f7f200010e/app-root/runtime/repo/e-market/catalog/view/theme/default/template/checkout/checkout.tpl on line 137
2017-02-12 17:12:42 - PHP Notice:  Undefined variable: entry_company in /var/lib/openshift/58984b277628e1f7f200010e/app-root/runtime/repo/e-market/catalog/view/theme/default/template/checkout/checkout.tpl on line 138
2017-02-12 17:12:42 - PHP Notice:  Undefined variable: entry_address_1 in /var/lib/openshift/58984b277628e1f7f200010e/app-root/runtime/repo/e-market/catalog/view/theme/default/template/checkout/checkout.tpl on line 164
2017-02-12 17:12:42 - PHP Notice:  Undefined variable: entry_address_1 in /var/lib/openshift/58984b277628e1f7f200010e/app-root/runtime/repo/e-market/catalog/view/theme/default/template/checkout/checkout.tpl on line 165
2017-02-12 17:12:42 - PHP Notice:  Undefined variable: entry_address_2 in /var/lib/openshift/58984b277628e1f7f200010e/app-root/runtime/repo/e-market/catalog/view/theme/default/template/checkout/checkout.tpl on line 168
2017-02-12 17:12:42 - PHP Notice:  Undefined variable: entry_address_2 in /var/lib/openshift/58984b277628e1f7f200010e/app-root/runtime/repo/e-market/catalog/view/theme/default/template/checkout/checkout.tpl on line 169
2017-02-12 17:12:42 - PHP Notice:  Undefined variable: entry_country in /var/lib/openshift/58984b277628e1f7f200010e/app-root/runtime/repo/e-market/catalog/view/theme/default/template/checkout/checkout.tpl on line 172
2017-02-12 17:12:42 - PHP Notice:  Undefined variable: text_select in /var/lib/openshift/58984b277628e1f7f200010e/app-root/runtime/repo/e-market/catalog/view/theme/default/template/checkout/checkout.tpl on line 174
2017-02-12 17:12:42 - PHP Notice:  Undefined variable: countries in /var/lib/openshift/58984b277628e1f7f200010e/app-root/runtime/repo/e-market/catalog/view/theme/default/template/checkout/checkout.tpl on line 175
2017-02-12 17:12:42 - PHP Warning:  Invalid argument supplied for foreach() in /var/lib/openshift/58984b277628e1f7f200010e/app-root/runtime/repo/e-market/catalog/view/theme/default/template/checkout/checkout.tpl on line 175
2017-02-12 17:12:42 - PHP Notice:  Undefined variable: entry_zone in /var/lib/openshift/58984b277628e1f7f200010e/app-root/runtime/repo/e-market/catalog/view/theme/default/template/checkout/checkout.tpl on line 185
2017-02-12 17:12:42 - PHP Notice:  Undefined variable: entry_city in /var/lib/openshift/58984b277628e1f7f200010e/app-root/runtime/repo/e-market/catalog/view/theme/default/template/checkout/checkout.tpl on line 190
2017-02-12 17:12:42 - PHP Notice:  Undefined variable: entry_city in /var/lib/openshift/58984b277628e1f7f200010e/app-root/runtime/repo/e-market/catalog/view/theme/default/template/checkout/checkout.tpl on line 191
2017-02-12 17:12:42 - PHP Notice:  Undefined variable: entry_postcode in /var/lib/openshift/58984b277628e1f7f200010e/app-root/runtime/repo/e-market/catalog/view/theme/default/template/checkout/checkout.tpl on line 194
2017-02-12 17:12:42 - PHP Notice:  Undefined variable: entry_postcode in /var/lib/openshift/58984b277628e1f7f200010e/app-root/runtime/repo/e-market/catalog/view/theme/default/template/checkout/checkout.tpl on line 195
2017-02-12 17:12:42 - PHP Notice:  Undefined variable: text_register in /var/lib/openshift/58984b277628e1f7f200010e/app-root/runtime/repo/e-market/catalog/view/theme/default/template/checkout/checkout.tpl on line 202
2017-02-12 17:12:42 - PHP Notice:  Undefined variable: entry_password in /var/lib/openshift/58984b277628e1f7f200010e/app-root/runtime/repo/e-market/catalog/view/theme/default/template/checkout/checkout.tpl on line 209
2017-02-12 17:12:42 - PHP Notice:  Undefined variable: entry_password in /var/lib/openshift/58984b277628e1f7f200010e/app-root/runtime/repo/e-market/catalog/view/theme/default/template/checkout/checkout.tpl on line 210
2017-02-12 17:12:42 - PHP Notice:  Undefined variable: entry_confirm in /var/lib/openshift/58984b277628e1f7f200010e/app-root/runtime/repo/e-market/catalog/view/theme/default/template/checkout/checkout.tpl on line 213
2017-02-12 17:12:42 - PHP Notice:  Undefined variable: entry_confirm in /var/lib/openshift/58984b277628e1f7f200010e/app-root/runtime/repo/e-market/catalog/view/theme/default/template/checkout/checkout.tpl on line 214
2017-02-12 17:12:42 - PHP Notice:  Undefined variable: text_address_new in /var/lib/openshift/58984b277628e1f7f200010e/app-root/runtime/repo/e-market/catalog/view/theme/default/template/checkout/checkout.tpl on line 291
2017-02-12 17:12:42 - PHP Notice:  Undefined variable: addresses in /var/lib/openshift/58984b277628e1f7f200010e/app-root/runtime/repo/e-market/catalog/view/theme/default/template/checkout/checkout.tpl on line 296
2017-02-12 17:12:42 - PHP Notice:  Undefined variable: addresses in /var/lib/openshift/58984b277628e1f7f200010e/app-root/runtime/repo/e-market/catalog/view/theme/default/template/checkout/checkout.tpl on line 325
2017-02-12 17:12:42 - PHP Notice:  Undefined variable: entry_firstname in /var/lib/openshift/58984b277628e1f7f200010e/app-root/runtime/repo/e-market/catalog/view/theme/default/template/checkout/checkout.tpl on line 327
2017-02-12 17:12:42 - PHP Notice:  Undefined variable: entry_firstname in /var/lib/openshift/58984b277628e1f7f200010e/app-root/runtime/repo/e-market/catalog/view/theme/default/template/checkout/checkout.tpl on line 329
2017-02-12 17:12:42 - PHP Notice:  Undefined variable: entry_lastname in /var/lib/openshift/58984b277628e1f7f200010e/app-root/runtime/repo/e-market/catalog/view/theme/default/template/checkout/checkout.tpl on line 333
2017-02-12 17:12:42 - PHP Notice:  Undefined variable: entry_lastname in /var/lib/openshift/58984b277628e1f7f200010e/app-root/runtime/repo/e-market/catalog/view/theme/default/template/checkout/checkout.tpl on line 335
2017-02-12 17:12:42 - PHP Notice:  Undefined variable: entry_company in /var/lib/openshift/58984b277628e1f7f200010e/app-root/runtime/repo/e-market/catalog/view/theme/default/template/checkout/checkout.tpl on line 340
2017-02-12 17:12:42 - PHP Notice:  Undefined variable: entry_company in /var/lib/openshift/58984b277628e1f7f200010e/app-root/runtime/repo/e-market/catalog/view/theme/default/template/checkout/checkout.tpl on line 342
2017-02-12 17:12:42 - PHP Notice:  Undefined variable: entry_address_1 in /var/lib/openshift/58984b277628e1f7f200010e/app-root/runtime/repo/e-market/catalog/view/theme/default/template/checkout/checkout.tpl on line 349
2017-02-12 17:12:42 - PHP Notice:  Undefined variable: entry_address_1 in /var/lib/openshift/58984b277628e1f7f200010e/app-root/runtime/repo/e-market/catalog/view/theme/default/template/checkout/checkout.tpl on line 351
2017-02-12 17:12:42 - PHP Notice:  Undefined variable: entry_address_2 in /var/lib/openshift/58984b277628e1f7f200010e/app-root/runtime/repo/e-market/catalog/view/theme/default/template/checkout/checkout.tpl on line 355
2017-02-12 17:12:42 - PHP Notice:  Undefined variable: entry_address_2 in /var/lib/openshift/58984b277628e1f7f200010e/app-root/runtime/repo/e-market/catalog/view/theme/default/template/checkout/checkout.tpl on line 357
2017-02-12 17:12:42 - PHP Notice:  Undefined variable: entry_city in /var/lib/openshift/58984b277628e1f7f200010e/app-root/runtime/repo/e-market/catalog/view/theme/default/template/checkout/checkout.tpl on line 361
2017-02-12 17:12:42 - PHP Notice:  Undefined variable: entry_city in /var/lib/openshift/58984b277628e1f7f200010e/app-root/runtime/repo/e-market/catalog/view/theme/default/template/checkout/checkout.tpl on line 363
2017-02-12 17:12:42 - PHP Notice:  Undefined variable: entry_postcode in /var/lib/openshift/58984b277628e1f7f200010e/app-root/runtime/repo/e-market/catalog/view/theme/default/template/checkout/checkout.tpl on line 367
2017-02-12 17:12:42 - PHP Notice:  Undefined variable: postcode in /var/lib/openshift/58984b277628e1f7f200010e/app-root/runtime/repo/e-market/catalog/view/theme/default/template/checkout/checkout.tpl on line 369
2017-02-12 17:12:42 - PHP Notice:  Undefined variable: entry_postcode in /var/lib/openshift/58984b277628e1f7f200010e/app-root/runtime/repo/e-market/catalog/view/theme/default/template/checkout/checkout.tpl on line 369
2017-02-12 17:12:42 - PHP Notice:  Undefined variable: entry_country in /var/lib/openshift/58984b277628e1f7f200010e/app-root/runtime/repo/e-market/catalog/view/theme/default/template/checkout/checkout.tpl on line 373
2017-02-12 17:12:42 - PHP Notice:  Undefined variable: text_select in /var/lib/openshift/58984b277628e1f7f200010e/app-root/runtime/repo/e-market/catalog/view/theme/default/template/checkout/checkout.tpl on line 376
2017-02-12 17:12:42 - PHP Notice:  Undefined variable: countries in /var/lib/openshift/58984b277628e1f7f200010e/app-root/runtime/repo/e-market/catalog/view/theme/default/template/checkout/checkout.tpl on line 377
2017-02-12 17:12:42 - PHP Warning:  Invalid argument supplied for foreach() in /var/lib/openshift/58984b277628e1f7f200010e/app-root/runtime/repo/e-market/catalog/view/theme/default/template/checkout/checkout.tpl on line 377
2017-02-12 17:12:42 - PHP Notice:  Undefined variable: entry_zone in /var/lib/openshift/58984b277628e1f7f200010e/app-root/runtime/repo/e-market/catalog/view/theme/default/template/checkout/checkout.tpl on line 388
2017-02-12 17:12:42 - PHP Notice:  Undefined variable: shipping_methods in /var/lib/openshift/58984b277628e1f7f200010e/app-root/runtime/repo/e-market/catalog/view/theme/default/template/checkout/checkout.tpl on line 496
2017-02-12 17:12:42 - PHP Notice:  Undefined variable: text_cart in /var/lib/openshift/58984b277628e1f7f200010e/app-root/runtime/repo/e-market/catalog/view/theme/default/template/checkout/checkout.tpl on line 521
2017-02-12 17:12:42 - PHP Notice:  Undefined variable: column_name in /var/lib/openshift/58984b277628e1f7f200010e/app-root/runtime/repo/e-market/catalog/view/theme/default/template/checkout/checkout.tpl on line 525
2017-02-12 17:12:42 - PHP Notice:  Undefined variable: column_model in /var/lib/openshift/58984b277628e1f7f200010e/app-root/runtime/repo/e-market/catalog/view/theme/default/template/checkout/checkout.tpl on line 526
2017-02-12 17:12:42 - PHP Notice:  Undefined variable: column_quantity in /var/lib/openshift/58984b277628e1f7f200010e/app-root/runtime/repo/e-market/catalog/view/theme/default/template/checkout/checkout.tpl on line 527
2017-02-12 17:12:42 - PHP Notice:  Undefined variable: column_price in /var/lib/openshift/58984b277628e1f7f200010e/app-root/runtime/repo/e-market/catalog/view/theme/default/template/checkout/checkout.tpl on line 528
2017-02-12 17:12:42 - PHP Notice:  Undefined variable: column_total in /var/lib/openshift/58984b277628e1f7f200010e/app-root/runtime/repo/e-market/catalog/view/theme/default/template/checkout/checkout.tpl on line 529
2017-02-12 17:12:42 - PHP Notice:  Undefined variable: products in /var/lib/openshift/58984b277628e1f7f200010e/app-root/runtime/repo/e-market/catalog/view/theme/default/template/checkout/checkout.tpl on line 533
2017-02-12 17:12:42 - PHP Warning:  Invalid argument supplied for foreach() in /var/lib/openshift/58984b277628e1f7f200010e/app-root/runtime/repo/e-market/catalog/view/theme/default/template/checkout/checkout.tpl on line 533
2017-02-12 17:12:42 - PHP Notice:  Undefined variable: vouchers in /var/lib/openshift/58984b277628e1f7f200010e/app-root/runtime/repo/e-market/catalog/view/theme/default/template/checkout/checkout.tpl on line 546
2017-02-12 17:12:42 - PHP Warning:  Invalid argument supplied for foreach() in /var/lib/openshift/58984b277628e1f7f200010e/app-root/runtime/repo/e-market/catalog/view/theme/default/template/checkout/checkout.tpl on line 546
2017-02-12 17:12:42 - PHP Notice:  Undefined variable: totals in /var/lib/openshift/58984b277628e1f7f200010e/app-root/runtime/repo/e-market/catalog/view/theme/default/template/checkout/checkout.tpl on line 557
2017-02-12 17:12:42 - PHP Warning:  Invalid argument supplied for foreach() in /var/lib/openshift/58984b277628e1f7f200010e/app-root/runtime/repo/e-market/catalog/view/theme/default/template/checkout/checkout.tpl on line 557
2017-02-12 17:12:42 - PHP Notice:  Undefined variable: payment_methods in /var/lib/openshift/58984b277628e1f7f200010e/app-root/runtime/repo/e-market/catalog/view/theme/default/template/checkout/checkout.tpl on line 570
2017-02-12 17:12:42 - PHP Notice:  Undefined variable: text_comments in /var/lib/openshift/58984b277628e1f7f200010e/app-root/runtime/repo/e-market/catalog/view/theme/default/template/checkout/checkout.tpl on line 587
2017-02-12 17:12:42 - PHP Notice:  Undefined variable: comment in /var/lib/openshift/58984b277628e1f7f200010e/app-root/runtime/repo/e-market/catalog/view/theme/default/template/checkout/checkout.tpl on line 589
2017-02-12 17:12:42 - PHP Notice:  Undefined variable: text_agree in /var/lib/openshift/58984b277628e1f7f200010e/app-root/runtime/repo/e-market/catalog/view/theme/default/template/checkout/checkout.tpl on line 591
2017-02-12 17:12:42 - PHP Notice:  Undefined variable: button_continue in /var/lib/openshift/58984b277628e1f7f200010e/app-root/runtime/repo/e-market/catalog/view/theme/default/template/checkout/checkout.tpl on line 605
2017-02-12 17:12:42 - PHP Notice:  Undefined variable: payment in /var/lib/openshift/58984b277628e1f7f200010e/app-root/runtime/repo/e-market/catalog/view/theme/default/template/checkout/checkout.tpl on line 611
2017-02-12 17:12:42 - PHP Notice:  Undefined variable: text_select in /var/lib/openshift/58984b277628e1f7f200010e/app-root/runtime/repo/e-market/catalog/view/theme/default/template/checkout/checkout.tpl on line 717
2017-02-12 17:12:42 - PHP Notice:  Undefined variable: zone_id in /var/lib/openshift/58984b277628e1f7f200010e/app-root/runtime/repo/e-market/catalog/view/theme/default/template/checkout/checkout.tpl on line 723
2017-02-12 17:12:42 - PHP Notice:  Undefined variable: text_none in /var/lib/openshift/58984b277628e1f7f200010e/app-root/runtime/repo/e-market/catalog/view/theme/default/template/checkout/checkout.tpl on line 730
2017-02-12 17:12:42 - PHP Notice:  Undefined variable: text_select in /var/lib/openshift/58984b277628e1f7f200010e/app-root/runtime/repo/e-market/catalog/view/theme/default/template/checkout/checkout.tpl on line 759
2017-02-12 17:12:42 - PHP Notice:  Undefined variable: zone_id in /var/lib/openshift/58984b277628e1f7f200010e/app-root/runtime/repo/e-market/catalog/view/theme/default/template/checkout/checkout.tpl on line 765
2017-02-12 17:12:42 - PHP Notice:  Undefined variable: text_none in /var/lib/openshift/58984b277628e1f7f200010e/app-root/runtime/repo/e-market/catalog/view/theme/default/template/checkout/checkout.tpl on line 772
2017-02-12 17:12:47 - PHP Notice:  Undefined variable: text_returning_customer in /var/lib/openshift/58984b277628e1f7f200010e/app-root/runtime/repo/e-market/catalog/view/theme/default/template/checkout/checkout.tpl on line 26
2017-02-12 17:12:47 - PHP Notice:  Undefined variable: text_i_am_returning_customer in /var/lib/openshift/58984b277628e1f7f200010e/app-root/runtime/repo/e-market/catalog/view/theme/default/template/checkout/checkout.tpl on line 26
2017-02-12 17:12:47 - PHP Notice:  Undefined variable: entry_email in /var/lib/openshift/58984b277628e1f7f200010e/app-root/runtime/repo/e-market/catalog/view/theme/default/template/checkout/checkout.tpl on line 34
2017-02-12 17:12:47 - PHP Notice:  Undefined variable: entry_email in /var/lib/openshift/58984b277628e1f7f200010e/app-root/runtime/repo/e-market/catalog/view/theme/default/template/checkout/checkout.tpl on line 35
2017-02-12 17:12:47 - PHP Notice:  Undefined variable: entry_password in /var/lib/openshift/58984b277628e1f7f200010e/app-root/runtime/repo/e-market/catalog/view/theme/default/template/checkout/checkout.tpl on line 38
2017-02-12 17:12:47 - PHP Notice:  Undefined variable: entry_password in /var/lib/openshift/58984b277628e1f7f200010e/app-root/runtime/repo/e-market/catalog/view/theme/default/template/checkout/checkout.tpl on line 39
2017-02-12 17:12:47 - PHP Notice:  Undefined variable: button_login in /var/lib/openshift/58984b277628e1f7f200010e/app-root/runtime/repo/e-market/catalog/view/theme/default/template/checkout/checkout.tpl on line 43
2017-02-12 17:12:47 - PHP Notice:  Undefined variable: forgotten in /var/lib/openshift/58984b277628e1f7f200010e/app-root/runtime/repo/e-market/catalog/view/theme/default/template/checkout/checkout.tpl on line 44
2017-02-12 17:12:47 - PHP Notice:  Undefined variable: text_forgotten in /var/lib/openshift/58984b277628e1f7f200010e/app-root/runtime/repo/e-market/catalog/view/theme/default/template/checkout/checkout.tpl on line 44
2017-02-12 17:12:47 - PHP Notice:  Undefined variable: text_your_details in /var/lib/openshift/58984b277628e1f7f200010e/app-root/runtime/repo/e-market/catalog/view/theme/default/template/checkout/checkout.tpl on line 57
2017-02-12 17:12:47 - PHP Notice:  Undefined variable: entry_customer_group in /var/lib/openshift/58984b277628e1f7f200010e/app-root/runtime/repo/e-market/catalog/view/theme/default/template/checkout/checkout.tpl on line 62
2017-02-12 17:12:47 - PHP Notice:  Undefined variable: customer_groups in /var/lib/openshift/58984b277628e1f7f200010e/app-root/runtime/repo/e-market/catalog/view/theme/default/template/checkout/checkout.tpl on line 63
2017-02-12 17:12:47 - PHP Warning:  Invalid argument supplied for foreach() in /var/lib/openshift/58984b277628e1f7f200010e/app-root/runtime/repo/e-market/catalog/view/theme/default/template/checkout/checkout.tpl on line 63
2017-02-12 17:12:47 - PHP Notice:  Undefined variable: entry_firstname in /var/lib/openshift/58984b277628e1f7f200010e/app-root/runtime/repo/e-market/catalog/view/theme/default/template/checkout/checkout.tpl on line 80
2017-02-12 17:12:47 - PHP Notice:  Undefined variable: entry_firstname in /var/lib/openshift/58984b277628e1f7f200010e/app-root/runtime/repo/e-market/catalog/view/theme/default/template/checkout/checkout.tpl on line 81
2017-02-12 17:12:47 - PHP Notice:  Undefined variable: entry_lastname in /var/lib/openshift/58984b277628e1f7f200010e/app-root/runtime/repo/e-market/catalog/view/theme/default/template/checkout/checkout.tpl on line 84
2017-02-12 17:12:47 - PHP Notice:  Undefined variable: entry_lastname in /var/lib/openshift/58984b277628e1f7f200010e/app-root/runtime/repo/e-market/catalog/view/theme/default/template/checkout/checkout.tpl on line 85
2017-02-12 17:12:47 - PHP Notice:  Undefined variable: entry_email in /var/lib/openshift/58984b277628e1f7f200010e/app-root/runtime/repo/e-market/catalog/view/theme/default/template/checkout/checkout.tpl on line 88
2017-02-12 17:12:47 - PHP Notice:  Undefined variable: entry_email in /var/lib/openshift/58984b277628e1f7f200010e/app-root/runtime/repo/e-market/catalog/view/theme/default/template/checkout/checkout.tpl on line 89
2017-02-12 17:12:47 - PHP Notice:  Undefined variable: entry_telephone in /var/lib/openshift/58984b277628e1f7f200010e/app-root/runtime/repo/e-market/catalog/view/theme/default/template/checkout/checkout.tpl on line 92
2017-02-12 17:12:47 - PHP Notice:  Undefined variable: entry_telephone in /var/lib/openshift/58984b277628e1f7f200010e/app-root/runtime/repo/e-market/catalog/view/theme/default/template/checkout/checkout.tpl on line 93
2017-02-12 17:12:47 - PHP Notice:  Undefined variable: entry_fax in /var/lib/openshift/58984b277628e1f7f200010e/app-root/runtime/repo/e-market/catalog/view/theme/default/template/checkout/checkout.tpl on line 97
2017-02-12 17:12:47 - PHP Notice:  Undefined variable: entry_fax in /var/lib/openshift/58984b277628e1f7f200010e/app-root/runtime/repo/e-market/catalog/view/theme/default/template/checkout/checkout.tpl on line 98
2017-02-12 17:12:47 - PHP Notice:  Undefined variable: text_your_address in /var/lib/openshift/58984b277628e1f7f200010e/app-root/runtime/repo/e-market/catalog/view/theme/default/template/checkout/checkout.tpl on line 103
2017-02-12 17:12:47 - PHP Notice:  Undefined variable: addresses in /var/lib/openshift/58984b277628e1f7f200010e/app-root/runtime/repo/e-market/catalog/view/theme/default/template/checkout/checkout.tpl on line 105
2017-02-12 17:12:47 - PHP Notice:  Undefined variable: entry_company in /var/lib/openshift/58984b277628e1f7f200010e/app-root/runtime/repo/e-market/catalog/view/theme/default/template/checkout/checkout.tpl on line 137
2017-02-12 17:12:47 - PHP Notice:  Undefined variable: entry_company in /var/lib/openshift/58984b277628e1f7f200010e/app-root/runtime/repo/e-market/catalog/view/theme/default/template/checkout/checkout.tpl on line 138
2017-02-12 17:12:47 - PHP Notice:  Undefined variable: entry_address_1 in /var/lib/openshift/58984b277628e1f7f200010e/app-root/runtime/repo/e-market/catalog/view/theme/default/template/checkout/checkout.tpl on line 164
2017-02-12 17:12:47 - PHP Notice:  Undefined variable: entry_address_1 in /var/lib/openshift/58984b277628e1f7f200010e/app-root/runtime/repo/e-market/catalog/view/theme/default/template/checkout/checkout.tpl on line 165
2017-02-12 17:12:47 - PHP Notice:  Undefined variable: entry_address_2 in /var/lib/openshift/58984b277628e1f7f200010e/app-root/runtime/repo/e-market/catalog/view/theme/default/template/checkout/checkout.tpl on line 168
2017-02-12 17:12:47 - PHP Notice:  Undefined variable: entry_address_2 in /var/lib/openshift/58984b277628e1f7f200010e/app-root/runtime/repo/e-market/catalog/view/theme/default/template/checkout/checkout.tpl on line 169
2017-02-12 17:12:47 - PHP Notice:  Undefined variable: entry_country in /var/lib/openshift/58984b277628e1f7f200010e/app-root/runtime/repo/e-market/catalog/view/theme/default/template/checkout/checkout.tpl on line 172
2017-02-12 17:12:47 - PHP Notice:  Undefined variable: text_select in /var/lib/openshift/58984b277628e1f7f200010e/app-root/runtime/repo/e-market/catalog/view/theme/default/template/checkout/checkout.tpl on line 174
2017-02-12 17:12:47 - PHP Notice:  Undefined variable: countries in /var/lib/openshift/58984b277628e1f7f200010e/app-root/runtime/repo/e-market/catalog/view/theme/default/template/checkout/checkout.tpl on line 175
2017-02-12 17:12:47 - PHP Warning:  Invalid argument supplied for foreach() in /var/lib/openshift/58984b277628e1f7f200010e/app-root/runtime/repo/e-market/catalog/view/theme/default/template/checkout/checkout.tpl on line 175
2017-02-12 17:12:47 - PHP Notice:  Undefined variable: entry_zone in /var/lib/openshift/58984b277628e1f7f200010e/app-root/runtime/repo/e-market/catalog/view/theme/default/template/checkout/checkout.tpl on line 185
2017-02-12 17:12:47 - PHP Notice:  Undefined variable: entry_city in /var/lib/openshift/58984b277628e1f7f200010e/app-root/runtime/repo/e-market/catalog/view/theme/default/template/checkout/checkout.tpl on line 190
2017-02-12 17:12:47 - PHP Notice:  Undefined variable: entry_city in /var/lib/openshift/58984b277628e1f7f200010e/app-root/runtime/repo/e-market/catalog/view/theme/default/template/checkout/checkout.tpl on line 191
2017-02-12 17:12:47 - PHP Notice:  Undefined variable: entry_postcode in /var/lib/openshift/58984b277628e1f7f200010e/app-root/runtime/repo/e-market/catalog/view/theme/default/template/checkout/checkout.tpl on line 194
2017-02-12 17:12:47 - PHP Notice:  Undefined variable: entry_postcode in /var/lib/openshift/58984b277628e1f7f200010e/app-root/runtime/repo/e-market/catalog/view/theme/default/template/checkout/checkout.tpl on line 195
2017-02-12 17:12:47 - PHP Notice:  Undefined variable: text_register in /var/lib/openshift/58984b277628e1f7f200010e/app-root/runtime/repo/e-market/catalog/view/theme/default/template/checkout/checkout.tpl on line 202
2017-02-12 17:12:47 - PHP Notice:  Undefined variable: entry_password in /var/lib/openshift/58984b277628e1f7f200010e/app-root/runtime/repo/e-market/catalog/view/theme/default/template/checkout/checkout.tpl on line 209
2017-02-12 17:12:47 - PHP Notice:  Undefined variable: entry_password in /var/lib/openshift/58984b277628e1f7f200010e/app-root/runtime/repo/e-market/catalog/view/theme/default/template/checkout/checkout.tpl on line 210
2017-02-12 17:12:47 - PHP Notice:  Undefined variable: entry_confirm in /var/lib/openshift/58984b277628e1f7f200010e/app-root/runtime/repo/e-market/catalog/view/theme/default/template/checkout/checkout.tpl on line 213
2017-02-12 17:12:47 - PHP Notice:  Undefined variable: entry_confirm in /var/lib/openshift/58984b277628e1f7f200010e/app-root/runtime/repo/e-market/catalog/view/theme/default/template/checkout/checkout.tpl on line 214
2017-02-12 17:12:47 - PHP Notice:  Undefined variable: text_address_new in /var/lib/openshift/58984b277628e1f7f200010e/app-root/runtime/repo/e-market/catalog/view/theme/default/template/checkout/checkout.tpl on line 291
2017-02-12 17:12:47 - PHP Notice:  Undefined variable: addresses in /var/lib/openshift/58984b277628e1f7f200010e/app-root/runtime/repo/e-market/catalog/view/theme/default/template/checkout/checkout.tpl on line 296
2017-02-12 17:12:47 - PHP Notice:  Undefined variable: addresses in /var/lib/openshift/58984b277628e1f7f200010e/app-root/runtime/repo/e-market/catalog/view/theme/default/template/checkout/checkout.tpl on line 325
2017-02-12 17:12:47 - PHP Notice:  Undefined variable: entry_firstname in /var/lib/openshift/58984b277628e1f7f200010e/app-root/runtime/repo/e-market/catalog/view/theme/default/template/checkout/checkout.tpl on line 327
2017-02-12 17:12:47 - PHP Notice:  Undefined variable: entry_firstname in /var/lib/openshift/58984b277628e1f7f200010e/app-root/runtime/repo/e-market/catalog/view/theme/default/template/checkout/checkout.tpl on line 329
2017-02-12 17:12:47 - PHP Notice:  Undefined variable: entry_lastname in /var/lib/openshift/58984b277628e1f7f200010e/app-root/runtime/repo/e-market/catalog/view/theme/default/template/checkout/checkout.tpl on line 333
2017-02-12 17:12:47 - PHP Notice:  Undefined variable: entry_lastname in /var/lib/openshift/58984b277628e1f7f200010e/app-root/runtime/repo/e-market/catalog/view/theme/default/template/checkout/checkout.tpl on line 335
2017-02-12 17:12:47 - PHP Notice:  Undefined variable: entry_company in /var/lib/openshift/58984b277628e1f7f200010e/app-root/runtime/repo/e-market/catalog/view/theme/default/template/checkout/checkout.tpl on line 340
2017-02-12 17:12:47 - PHP Notice:  Undefined variable: entry_company in /var/lib/openshift/58984b277628e1f7f200010e/app-root/runtime/repo/e-market/catalog/view/theme/default/template/checkout/checkout.tpl on line 342
2017-02-12 17:12:47 - PHP Notice:  Undefined variable: entry_address_1 in /var/lib/openshift/58984b277628e1f7f200010e/app-root/runtime/repo/e-market/catalog/view/theme/default/template/checkout/checkout.tpl on line 349
2017-02-12 17:12:47 - PHP Notice:  Undefined variable: entry_address_1 in /var/lib/openshift/58984b277628e1f7f200010e/app-root/runtime/repo/e-market/catalog/view/theme/default/template/checkout/checkout.tpl on line 351
2017-02-12 17:12:47 - PHP Notice:  Undefined variable: entry_address_2 in /var/lib/openshift/58984b277628e1f7f200010e/app-root/runtime/repo/e-market/catalog/view/theme/default/template/checkout/checkout.tpl on line 355
2017-02-12 17:12:47 - PHP Notice:  Undefined variable: entry_address_2 in /var/lib/openshift/58984b277628e1f7f200010e/app-root/runtime/repo/e-market/catalog/view/theme/default/template/checkout/checkout.tpl on line 357
2017-02-12 17:12:47 - PHP Notice:  Undefined variable: entry_city in /var/lib/openshift/58984b277628e1f7f200010e/app-root/runtime/repo/e-market/catalog/view/theme/default/template/checkout/checkout.tpl on line 361
2017-02-12 17:12:47 - PHP Notice:  Undefined variable: entry_city in /var/lib/openshift/58984b277628e1f7f200010e/app-root/runtime/repo/e-market/catalog/view/theme/default/template/checkout/checkout.tpl on line 363
2017-02-12 17:12:47 - PHP Notice:  Undefined variable: entry_postcode in /var/lib/openshift/58984b277628e1f7f200010e/app-root/runtime/repo/e-market/catalog/view/theme/default/template/checkout/checkout.tpl on line 367
2017-02-12 17:12:47 - PHP Notice:  Undefined variable: postcode in /var/lib/openshift/58984b277628e1f7f200010e/app-root/runtime/repo/e-market/catalog/view/theme/default/template/checkout/checkout.tpl on line 369
2017-02-12 17:12:47 - PHP Notice:  Undefined variable: entry_postcode in /var/lib/openshift/58984b277628e1f7f200010e/app-root/runtime/repo/e-market/catalog/view/theme/default/template/checkout/checkout.tpl on line 369
2017-02-12 17:12:47 - PHP Notice:  Undefined variable: entry_country in /var/lib/openshift/58984b277628e1f7f200010e/app-root/runtime/repo/e-market/catalog/view/theme/default/template/checkout/checkout.tpl on line 373
2017-02-12 17:12:47 - PHP Notice:  Undefined variable: text_select in /var/lib/openshift/58984b277628e1f7f200010e/app-root/runtime/repo/e-market/catalog/view/theme/default/template/checkout/checkout.tpl on line 376
2017-02-12 17:12:47 - PHP Notice:  Undefined variable: countries in /var/lib/openshift/58984b277628e1f7f200010e/app-root/runtime/repo/e-market/catalog/view/theme/default/template/checkout/checkout.tpl on line 377
2017-02-12 17:12:47 - PHP Warning:  Invalid argument supplied for foreach() in /var/lib/openshift/58984b277628e1f7f200010e/app-root/runtime/repo/e-market/catalog/view/theme/default/template/checkout/checkout.tpl on line 377
2017-02-12 17:12:47 - PHP Notice:  Undefined variable: entry_zone in /var/lib/openshift/58984b277628e1f7f200010e/app-root/runtime/repo/e-market/catalog/view/theme/default/template/checkout/checkout.tpl on line 388
2017-02-12 17:12:47 - PHP Notice:  Undefined variable: shipping_methods in /var/lib/openshift/58984b277628e1f7f200010e/app-root/runtime/repo/e-market/catalog/view/theme/default/template/checkout/checkout.tpl on line 496
2017-02-12 17:12:47 - PHP Notice:  Undefined variable: text_cart in /var/lib/openshift/58984b277628e1f7f200010e/app-root/runtime/repo/e-market/catalog/view/theme/default/template/checkout/checkout.tpl on line 521
2017-02-12 17:12:47 - PHP Notice:  Undefined variable: column_name in /var/lib/openshift/58984b277628e1f7f200010e/app-root/runtime/repo/e-market/catalog/view/theme/default/template/checkout/checkout.tpl on line 525
2017-02-12 17:12:47 - PHP Notice:  Undefined variable: column_model in /var/lib/openshift/58984b277628e1f7f200010e/app-root/runtime/repo/e-market/catalog/view/theme/default/template/checkout/checkout.tpl on line 526
2017-02-12 17:12:47 - PHP Notice:  Undefined variable: column_quantity in /var/lib/openshift/58984b277628e1f7f200010e/app-root/runtime/repo/e-market/catalog/view/theme/default/template/checkout/checkout.tpl on line 527
2017-02-12 17:12:47 - PHP Notice:  Undefined variable: column_price in /var/lib/openshift/58984b277628e1f7f200010e/app-root/runtime/repo/e-market/catalog/view/theme/default/template/checkout/checkout.tpl on line 528
2017-02-12 17:12:47 - PHP Notice:  Undefined variable: column_total in /var/lib/openshift/58984b277628e1f7f200010e/app-root/runtime/repo/e-market/catalog/view/theme/default/template/checkout/checkout.tpl on line 529
2017-02-12 17:12:47 - PHP Notice:  Undefined variable: products in /var/lib/openshift/58984b277628e1f7f200010e/app-root/runtime/repo/e-market/catalog/view/theme/default/template/checkout/checkout.tpl on line 533
2017-02-12 17:12:47 - PHP Warning:  Invalid argument supplied for foreach() in /var/lib/openshift/58984b277628e1f7f200010e/app-root/runtime/repo/e-market/catalog/view/theme/default/template/checkout/checkout.tpl on line 533
2017-02-12 17:12:47 - PHP Notice:  Undefined variable: vouchers in /var/lib/openshift/58984b277628e1f7f200010e/app-root/runtime/repo/e-market/catalog/view/theme/default/template/checkout/checkout.tpl on line 546
2017-02-12 17:12:47 - PHP Warning:  Invalid argument supplied for foreach() in /var/lib/openshift/58984b277628e1f7f200010e/app-root/runtime/repo/e-market/catalog/view/theme/default/template/checkout/checkout.tpl on line 546
2017-02-12 17:12:47 - PHP Notice:  Undefined variable: totals in /var/lib/openshift/58984b277628e1f7f200010e/app-root/runtime/repo/e-market/catalog/view/theme/default/template/checkout/checkout.tpl on line 557
2017-02-12 17:12:47 - PHP Warning:  Invalid argument supplied for foreach() in /var/lib/openshift/58984b277628e1f7f200010e/app-root/runtime/repo/e-market/catalog/view/theme/default/template/checkout/checkout.tpl on line 557
2017-02-12 17:12:47 - PHP Notice:  Undefined variable: payment_methods in /var/lib/openshift/58984b277628e1f7f200010e/app-root/runtime/repo/e-market/catalog/view/theme/default/template/checkout/checkout.tpl on line 570
2017-02-12 17:12:47 - PHP Notice:  Undefined variable: text_comments in /var/lib/openshift/58984b277628e1f7f200010e/app-root/runtime/repo/e-market/catalog/view/theme/default/template/checkout/checkout.tpl on line 587
2017-02-12 17:12:47 - PHP Notice:  Undefined variable: comment in /var/lib/openshift/58984b277628e1f7f200010e/app-root/runtime/repo/e-market/catalog/view/theme/default/template/checkout/checkout.tpl on line 589
2017-02-12 17:12:47 - PHP Notice:  Undefined variable: text_agree in /var/lib/openshift/58984b277628e1f7f200010e/app-root/runtime/repo/e-market/catalog/view/theme/default/template/checkout/checkout.tpl on line 591
2017-02-12 17:12:47 - PHP Notice:  Undefined variable: button_continue in /var/lib/openshift/58984b277628e1f7f200010e/app-root/runtime/repo/e-market/catalog/view/theme/default/template/checkout/checkout.tpl on line 605
2017-02-12 17:12:47 - PHP Notice:  Undefined variable: payment in /var/lib/openshift/58984b277628e1f7f200010e/app-root/runtime/repo/e-market/catalog/view/theme/default/template/checkout/checkout.tpl on line 611
2017-02-12 17:12:47 - PHP Notice:  Undefined variable: text_select in /var/lib/openshift/58984b277628e1f7f200010e/app-root/runtime/repo/e-market/catalog/view/theme/default/template/checkout/checkout.tpl on line 717
2017-02-12 17:12:47 - PHP Notice:  Undefined variable: zone_id in /var/lib/openshift/58984b277628e1f7f200010e/app-root/runtime/repo/e-market/catalog/view/theme/default/template/checkout/checkout.tpl on line 723
2017-02-12 17:12:47 - PHP Notice:  Undefined variable: text_none in /var/lib/openshift/58984b277628e1f7f200010e/app-root/runtime/repo/e-market/catalog/view/theme/default/template/checkout/checkout.tpl on line 730
2017-02-12 17:12:47 - PHP Notice:  Undefined variable: text_select in /var/lib/openshift/58984b277628e1f7f200010e/app-root/runtime/repo/e-market/catalog/view/theme/default/template/checkout/checkout.tpl on line 759
2017-02-12 17:12:47 - PHP Notice:  Undefined variable: zone_id in /var/lib/openshift/58984b277628e1f7f200010e/app-root/runtime/repo/e-market/catalog/view/theme/default/template/checkout/checkout.tpl on line 765
2017-02-12 17:12:47 - PHP Notice:  Undefined variable: text_none in /var/lib/openshift/58984b277628e1f7f200010e/app-root/runtime/repo/e-market/catalog/view/theme/default/template/checkout/checkout.tpl on line 772
2017-02-12 17:12:54 - PHP Notice:  Undefined variable: text_returning_customer in /var/lib/openshift/58984b277628e1f7f200010e/app-root/runtime/repo/e-market/catalog/view/theme/default/template/checkout/checkout.tpl on line 26
2017-02-12 17:12:54 - PHP Notice:  Undefined variable: text_i_am_returning_customer in /var/lib/openshift/58984b277628e1f7f200010e/app-root/runtime/repo/e-market/catalog/view/theme/default/template/checkout/checkout.tpl on line 26
2017-02-12 17:12:54 - PHP Notice:  Undefined variable: entry_email in /var/lib/openshift/58984b277628e1f7f200010e/app-root/runtime/repo/e-market/catalog/view/theme/default/template/checkout/checkout.tpl on line 34
2017-02-12 17:12:54 - PHP Notice:  Undefined variable: entry_email in /var/lib/openshift/58984b277628e1f7f200010e/app-root/runtime/repo/e-market/catalog/view/theme/default/template/checkout/checkout.tpl on line 35
2017-02-12 17:12:54 - PHP Notice:  Undefined variable: entry_password in /var/lib/openshift/58984b277628e1f7f200010e/app-root/runtime/repo/e-market/catalog/view/theme/default/template/checkout/checkout.tpl on line 38
2017-02-12 17:12:54 - PHP Notice:  Undefined variable: entry_password in /var/lib/openshift/58984b277628e1f7f200010e/app-root/runtime/repo/e-market/catalog/view/theme/default/template/checkout/checkout.tpl on line 39
2017-02-12 17:12:54 - PHP Notice:  Undefined variable: button_login in /var/lib/openshift/58984b277628e1f7f200010e/app-root/runtime/repo/e-market/catalog/view/theme/default/template/checkout/checkout.tpl on line 43
2017-02-12 17:12:54 - PHP Notice:  Undefined variable: forgotten in /var/lib/openshift/58984b277628e1f7f200010e/app-root/runtime/repo/e-market/catalog/view/theme/default/template/checkout/checkout.tpl on line 44
2017-02-12 17:12:54 - PHP Notice:  Undefined variable: text_forgotten in /var/lib/openshift/58984b277628e1f7f200010e/app-root/runtime/repo/e-market/catalog/view/theme/default/template/checkout/checkout.tpl on line 44
2017-02-12 17:12:54 - PHP Notice:  Undefined variable: text_your_details in /var/lib/openshift/58984b277628e1f7f200010e/app-root/runtime/repo/e-market/catalog/view/theme/default/template/checkout/checkout.tpl on line 57
2017-02-12 17:12:54 - PHP Notice:  Undefined variable: entry_customer_group in /var/lib/openshift/58984b277628e1f7f200010e/app-root/runtime/repo/e-market/catalog/view/theme/default/template/checkout/checkout.tpl on line 62
2017-02-12 17:12:54 - PHP Notice:  Undefined variable: customer_groups in /var/lib/openshift/58984b277628e1f7f200010e/app-root/runtime/repo/e-market/catalog/view/theme/default/template/checkout/checkout.tpl on line 63
2017-02-12 17:12:54 - PHP Warning:  Invalid argument supplied for foreach() in /var/lib/openshift/58984b277628e1f7f200010e/app-root/runtime/repo/e-market/catalog/view/theme/default/template/checkout/checkout.tpl on line 63
2017-02-12 17:12:54 - PHP Notice:  Undefined variable: entry_firstname in /var/lib/openshift/58984b277628e1f7f200010e/app-root/runtime/repo/e-market/catalog/view/theme/default/template/checkout/checkout.tpl on line 80
2017-02-12 17:12:54 - PHP Notice:  Undefined variable: entry_firstname in /var/lib/openshift/58984b277628e1f7f200010e/app-root/runtime/repo/e-market/catalog/view/theme/default/template/checkout/checkout.tpl on line 81
2017-02-12 17:12:54 - PHP Notice:  Undefined variable: entry_lastname in /var/lib/openshift/58984b277628e1f7f200010e/app-root/runtime/repo/e-market/catalog/view/theme/default/template/checkout/checkout.tpl on line 84
2017-02-12 17:12:54 - PHP Notice:  Undefined variable: entry_lastname in /var/lib/openshift/58984b277628e1f7f200010e/app-root/runtime/repo/e-market/catalog/view/theme/default/template/checkout/checkout.tpl on line 85
2017-02-12 17:12:54 - PHP Notice:  Undefined variable: entry_email in /var/lib/openshift/58984b277628e1f7f200010e/app-root/runtime/repo/e-market/catalog/view/theme/default/template/checkout/checkout.tpl on line 88
2017-02-12 17:12:54 - PHP Notice:  Undefined variable: entry_email in /var/lib/openshift/58984b277628e1f7f200010e/app-root/runtime/repo/e-market/catalog/view/theme/default/template/checkout/checkout.tpl on line 89
2017-02-12 17:12:54 - PHP Notice:  Undefined variable: entry_telephone in /var/lib/openshift/58984b277628e1f7f200010e/app-root/runtime/repo/e-market/catalog/view/theme/default/template/checkout/checkout.tpl on line 92
2017-02-12 17:12:54 - PHP Notice:  Undefined variable: entry_telephone in /var/lib/openshift/58984b277628e1f7f200010e/app-root/runtime/repo/e-market/catalog/view/theme/default/template/checkout/checkout.tpl on line 93
2017-02-12 17:12:54 - PHP Notice:  Undefined variable: entry_fax in /var/lib/openshift/58984b277628e1f7f200010e/app-root/runtime/repo/e-market/catalog/view/theme/default/template/checkout/checkout.tpl on line 97
2017-02-12 17:12:54 - PHP Notice:  Undefined variable: entry_fax in /var/lib/openshift/58984b277628e1f7f200010e/app-root/runtime/repo/e-market/catalog/view/theme/default/template/checkout/checkout.tpl on line 98
2017-02-12 17:12:54 - PHP Notice:  Undefined variable: text_your_address in /var/lib/openshift/58984b277628e1f7f200010e/app-root/runtime/repo/e-market/catalog/view/theme/default/template/checkout/checkout.tpl on line 103
2017-02-12 17:12:54 - PHP Notice:  Undefined variable: addresses in /var/lib/openshift/58984b277628e1f7f200010e/app-root/runtime/repo/e-market/catalog/view/theme/default/template/checkout/checkout.tpl on line 105
2017-02-12 17:12:54 - PHP Notice:  Undefined variable: entry_company in /var/lib/openshift/58984b277628e1f7f200010e/app-root/runtime/repo/e-market/catalog/view/theme/default/template/checkout/checkout.tpl on line 137
2017-02-12 17:12:54 - PHP Notice:  Undefined variable: entry_company in /var/lib/openshift/58984b277628e1f7f200010e/app-root/runtime/repo/e-market/catalog/view/theme/default/template/checkout/checkout.tpl on line 138
2017-02-12 17:12:54 - PHP Notice:  Undefined variable: entry_address_1 in /var/lib/openshift/58984b277628e1f7f200010e/app-root/runtime/repo/e-market/catalog/view/theme/default/template/checkout/checkout.tpl on line 164
2017-02-12 17:12:54 - PHP Notice:  Undefined variable: entry_address_1 in /var/lib/openshift/58984b277628e1f7f200010e/app-root/runtime/repo/e-market/catalog/view/theme/default/template/checkout/checkout.tpl on line 165
2017-02-12 17:12:54 - PHP Notice:  Undefined variable: entry_address_2 in /var/lib/openshift/58984b277628e1f7f200010e/app-root/runtime/repo/e-market/catalog/view/theme/default/template/checkout/checkout.tpl on line 168
2017-02-12 17:12:54 - PHP Notice:  Undefined variable: entry_address_2 in /var/lib/openshift/58984b277628e1f7f200010e/app-root/runtime/repo/e-market/catalog/view/theme/default/template/checkout/checkout.tpl on line 169
2017-02-12 17:12:54 - PHP Notice:  Undefined variable: entry_country in /var/lib/openshift/58984b277628e1f7f200010e/app-root/runtime/repo/e-market/catalog/view/theme/default/template/checkout/checkout.tpl on line 172
2017-02-12 17:12:54 - PHP Notice:  Undefined variable: text_select in /var/lib/openshift/58984b277628e1f7f200010e/app-root/runtime/repo/e-market/catalog/view/theme/default/template/checkout/checkout.tpl on line 174
2017-02-12 17:12:54 - PHP Notice:  Undefined variable: countries in /var/lib/openshift/58984b277628e1f7f200010e/app-root/runtime/repo/e-market/catalog/view/theme/default/template/checkout/checkout.tpl on line 175
2017-02-12 17:12:54 - PHP Warning:  Invalid argument supplied for foreach() in /var/lib/openshift/58984b277628e1f7f200010e/app-root/runtime/repo/e-market/catalog/view/theme/default/template/checkout/checkout.tpl on line 175
2017-02-12 17:12:54 - PHP Notice:  Undefined variable: entry_zone in /var/lib/openshift/58984b277628e1f7f200010e/app-root/runtime/repo/e-market/catalog/view/theme/default/template/checkout/checkout.tpl on line 185
2017-02-12 17:12:54 - PHP Notice:  Undefined variable: entry_city in /var/lib/openshift/58984b277628e1f7f200010e/app-root/runtime/repo/e-market/catalog/view/theme/default/template/checkout/checkout.tpl on line 190
2017-02-12 17:12:54 - PHP Notice:  Undefined variable: entry_city in /var/lib/openshift/58984b277628e1f7f200010e/app-root/runtime/repo/e-market/catalog/view/theme/default/template/checkout/checkout.tpl on line 191
2017-02-12 17:12:54 - PHP Notice:  Undefined variable: entry_postcode in /var/lib/openshift/58984b277628e1f7f200010e/app-root/runtime/repo/e-market/catalog/view/theme/default/template/checkout/checkout.tpl on line 194
2017-02-12 17:12:54 - PHP Notice:  Undefined variable: entry_postcode in /var/lib/openshift/58984b277628e1f7f200010e/app-root/runtime/repo/e-market/catalog/view/theme/default/template/checkout/checkout.tpl on line 195
2017-02-12 17:12:54 - PHP Notice:  Undefined variable: text_register in /var/lib/openshift/58984b277628e1f7f200010e/app-root/runtime/repo/e-market/catalog/view/theme/default/template/checkout/checkout.tpl on line 202
2017-02-12 17:12:54 - PHP Notice:  Undefined variable: entry_password in /var/lib/openshift/58984b277628e1f7f200010e/app-root/runtime/repo/e-market/catalog/view/theme/default/template/checkout/checkout.tpl on line 209
2017-02-12 17:12:54 - PHP Notice:  Undefined variable: entry_password in /var/lib/openshift/58984b277628e1f7f200010e/app-root/runtime/repo/e-market/catalog/view/theme/default/template/checkout/checkout.tpl on line 210
2017-02-12 17:12:54 - PHP Notice:  Undefined variable: entry_confirm in /var/lib/openshift/58984b277628e1f7f200010e/app-root/runtime/repo/e-market/catalog/view/theme/default/template/checkout/checkout.tpl on line 213
2017-02-12 17:12:54 - PHP Notice:  Undefined variable: entry_confirm in /var/lib/openshift/58984b277628e1f7f200010e/app-root/runtime/repo/e-market/catalog/view/theme/default/template/checkout/checkout.tpl on line 214
2017-02-12 17:12:54 - PHP Notice:  Undefined variable: text_address_new in /var/lib/openshift/58984b277628e1f7f200010e/app-root/runtime/repo/e-market/catalog/view/theme/default/template/checkout/checkout.tpl on line 291
2017-02-12 17:12:54 - PHP Notice:  Undefined variable: addresses in /var/lib/openshift/58984b277628e1f7f200010e/app-root/runtime/repo/e-market/catalog/view/theme/default/template/checkout/checkout.tpl on line 296
2017-02-12 17:12:54 - PHP Notice:  Undefined variable: addresses in /var/lib/openshift/58984b277628e1f7f200010e/app-root/runtime/repo/e-market/catalog/view/theme/default/template/checkout/checkout.tpl on line 325
2017-02-12 17:12:54 - PHP Notice:  Undefined variable: entry_firstname in /var/lib/openshift/58984b277628e1f7f200010e/app-root/runtime/repo/e-market/catalog/view/theme/default/template/checkout/checkout.tpl on line 327
2017-02-12 17:12:54 - PHP Notice:  Undefined variable: entry_firstname in /var/lib/openshift/58984b277628e1f7f200010e/app-root/runtime/repo/e-market/catalog/view/theme/default/template/checkout/checkout.tpl on line 329
2017-02-12 17:12:54 - PHP Notice:  Undefined variable: entry_lastname in /var/lib/openshift/58984b277628e1f7f200010e/app-root/runtime/repo/e-market/catalog/view/theme/default/template/checkout/checkout.tpl on line 333
2017-02-12 17:12:54 - PHP Notice:  Undefined variable: entry_lastname in /var/lib/openshift/58984b277628e1f7f200010e/app-root/runtime/repo/e-market/catalog/view/theme/default/template/checkout/checkout.tpl on line 335
2017-02-12 17:12:54 - PHP Notice:  Undefined variable: entry_company in /var/lib/openshift/58984b277628e1f7f200010e/app-root/runtime/repo/e-market/catalog/view/theme/default/template/checkout/checkout.tpl on line 340
2017-02-12 17:12:54 - PHP Notice:  Undefined variable: entry_company in /var/lib/openshift/58984b277628e1f7f200010e/app-root/runtime/repo/e-market/catalog/view/theme/default/template/checkout/checkout.tpl on line 342
2017-02-12 17:12:54 - PHP Notice:  Undefined variable: entry_address_1 in /var/lib/openshift/58984b277628e1f7f200010e/app-root/runtime/repo/e-market/catalog/view/theme/default/template/checkout/checkout.tpl on line 349
2017-02-12 17:12:54 - PHP Notice:  Undefined variable: entry_address_1 in /var/lib/openshift/58984b277628e1f7f200010e/app-root/runtime/repo/e-market/catalog/view/theme/default/template/checkout/checkout.tpl on line 351
2017-02-12 17:12:54 - PHP Notice:  Undefined variable: entry_address_2 in /var/lib/openshift/58984b277628e1f7f200010e/app-root/runtime/repo/e-market/catalog/view/theme/default/template/checkout/checkout.tpl on line 355
2017-02-12 17:12:54 - PHP Notice:  Undefined variable: entry_address_2 in /var/lib/openshift/58984b277628e1f7f200010e/app-root/runtime/repo/e-market/catalog/view/theme/default/template/checkout/checkout.tpl on line 357
2017-02-12 17:12:54 - PHP Notice:  Undefined variable: entry_city in /var/lib/openshift/58984b277628e1f7f200010e/app-root/runtime/repo/e-market/catalog/view/theme/default/template/checkout/checkout.tpl on line 361
2017-02-12 17:12:54 - PHP Notice:  Undefined variable: entry_city in /var/lib/openshift/58984b277628e1f7f200010e/app-root/runtime/repo/e-market/catalog/view/theme/default/template/checkout/checkout.tpl on line 363
2017-02-12 17:12:54 - PHP Notice:  Undefined variable: entry_postcode in /var/lib/openshift/58984b277628e1f7f200010e/app-root/runtime/repo/e-market/catalog/view/theme/default/template/checkout/checkout.tpl on line 367
2017-02-12 17:12:54 - PHP Notice:  Undefined variable: postcode in /var/lib/openshift/58984b277628e1f7f200010e/app-root/runtime/repo/e-market/catalog/view/theme/default/template/checkout/checkout.tpl on line 369
2017-02-12 17:12:54 - PHP Notice:  Undefined variable: entry_postcode in /var/lib/openshift/58984b277628e1f7f200010e/app-root/runtime/repo/e-market/catalog/view/theme/default/template/checkout/checkout.tpl on line 369
2017-02-12 17:12:54 - PHP Notice:  Undefined variable: entry_country in /var/lib/openshift/58984b277628e1f7f200010e/app-root/runtime/repo/e-market/catalog/view/theme/default/template/checkout/checkout.tpl on line 373
2017-02-12 17:12:54 - PHP Notice:  Undefined variable: text_select in /var/lib/openshift/58984b277628e1f7f200010e/app-root/runtime/repo/e-market/catalog/view/theme/default/template/checkout/checkout.tpl on line 376
2017-02-12 17:12:54 - PHP Notice:  Undefined variable: countries in /var/lib/openshift/58984b277628e1f7f200010e/app-root/runtime/repo/e-market/catalog/view/theme/default/template/checkout/checkout.tpl on line 377
2017-02-12 17:12:54 - PHP Warning:  Invalid argument supplied for foreach() in /var/lib/openshift/58984b277628e1f7f200010e/app-root/runtime/repo/e-market/catalog/view/theme/default/template/checkout/checkout.tpl on line 377
2017-02-12 17:12:54 - PHP Notice:  Undefined variable: entry_zone in /var/lib/openshift/58984b277628e1f7f200010e/app-root/runtime/repo/e-market/catalog/view/theme/default/template/checkout/checkout.tpl on line 388
2017-02-12 17:12:54 - PHP Notice:  Undefined variable: shipping_methods in /var/lib/openshift/58984b277628e1f7f200010e/app-root/runtime/repo/e-market/catalog/view/theme/default/template/checkout/checkout.tpl on line 496
2017-02-12 17:12:54 - PHP Notice:  Undefined variable: text_cart in /var/lib/openshift/58984b277628e1f7f200010e/app-root/runtime/repo/e-market/catalog/view/theme/default/template/checkout/checkout.tpl on line 521
2017-02-12 17:12:54 - PHP Notice:  Undefined variable: column_name in /var/lib/openshift/58984b277628e1f7f200010e/app-root/runtime/repo/e-market/catalog/view/theme/default/template/checkout/checkout.tpl on line 525
2017-02-12 17:12:54 - PHP Notice:  Undefined variable: column_model in /var/lib/openshift/58984b277628e1f7f200010e/app-root/runtime/repo/e-market/catalog/view/theme/default/template/checkout/checkout.tpl on line 526
2017-02-12 17:12:54 - PHP Notice:  Undefined variable: column_quantity in /var/lib/openshift/58984b277628e1f7f200010e/app-root/runtime/repo/e-market/catalog/view/theme/default/template/checkout/checkout.tpl on line 527
2017-02-12 17:12:54 - PHP Notice:  Undefined variable: column_price in /var/lib/openshift/58984b277628e1f7f200010e/app-root/runtime/repo/e-market/catalog/view/theme/default/template/checkout/checkout.tpl on line 528
2017-02-12 17:12:54 - PHP Notice:  Undefined variable: column_total in /var/lib/openshift/58984b277628e1f7f200010e/app-root/runtime/repo/e-market/catalog/view/theme/default/template/checkout/checkout.tpl on line 529
2017-02-12 17:12:54 - PHP Notice:  Undefined variable: products in /var/lib/openshift/58984b277628e1f7f200010e/app-root/runtime/repo/e-market/catalog/view/theme/default/template/checkout/checkout.tpl on line 533
2017-02-12 17:12:54 - PHP Warning:  Invalid argument supplied for foreach() in /var/lib/openshift/58984b277628e1f7f200010e/app-root/runtime/repo/e-market/catalog/view/theme/default/template/checkout/checkout.tpl on line 533
2017-02-12 17:12:54 - PHP Notice:  Undefined variable: vouchers in /var/lib/openshift/58984b277628e1f7f200010e/app-root/runtime/repo/e-market/catalog/view/theme/default/template/checkout/checkout.tpl on line 546
2017-02-12 17:12:54 - PHP Warning:  Invalid argument supplied for foreach() in /var/lib/openshift/58984b277628e1f7f200010e/app-root/runtime/repo/e-market/catalog/view/theme/default/template/checkout/checkout.tpl on line 546
2017-02-12 17:12:54 - PHP Notice:  Undefined variable: totals in /var/lib/openshift/58984b277628e1f7f200010e/app-root/runtime/repo/e-market/catalog/view/theme/default/template/checkout/checkout.tpl on line 557
2017-02-12 17:12:54 - PHP Warning:  Invalid argument supplied for foreach() in /var/lib/openshift/58984b277628e1f7f200010e/app-root/runtime/repo/e-market/catalog/view/theme/default/template/checkout/checkout.tpl on line 557
2017-02-12 17:12:54 - PHP Notice:  Undefined variable: payment_methods in /var/lib/openshift/58984b277628e1f7f200010e/app-root/runtime/repo/e-market/catalog/view/theme/default/template/checkout/checkout.tpl on line 570
2017-02-12 17:12:54 - PHP Notice:  Undefined variable: text_comments in /var/lib/openshift/58984b277628e1f7f200010e/app-root/runtime/repo/e-market/catalog/view/theme/default/template/checkout/checkout.tpl on line 587
2017-02-12 17:12:54 - PHP Notice:  Undefined variable: comment in /var/lib/openshift/58984b277628e1f7f200010e/app-root/runtime/repo/e-market/catalog/view/theme/default/template/checkout/checkout.tpl on line 589
2017-02-12 17:12:54 - PHP Notice:  Undefined variable: text_agree in /var/lib/openshift/58984b277628e1f7f200010e/app-root/runtime/repo/e-market/catalog/view/theme/default/template/checkout/checkout.tpl on line 591
2017-02-12 17:12:54 - PHP Notice:  Undefined variable: button_continue in /var/lib/openshift/58984b277628e1f7f200010e/app-root/runtime/repo/e-market/catalog/view/theme/default/template/checkout/checkout.tpl on line 605
2017-02-12 17:12:54 - PHP Notice:  Undefined variable: payment in /var/lib/openshift/58984b277628e1f7f200010e/app-root/runtime/repo/e-market/catalog/view/theme/default/template/checkout/checkout.tpl on line 611
2017-02-12 17:12:54 - PHP Notice:  Undefined variable: text_select in /var/lib/openshift/58984b277628e1f7f200010e/app-root/runtime/repo/e-market/catalog/view/theme/default/template/checkout/checkout.tpl on line 717
2017-02-12 17:12:54 - PHP Notice:  Undefined variable: zone_id in /var/lib/openshift/58984b277628e1f7f200010e/app-root/runtime/repo/e-market/catalog/view/theme/default/template/checkout/checkout.tpl on line 723
2017-02-12 17:12:54 - PHP Notice:  Undefined variable: text_none in /var/lib/openshift/58984b277628e1f7f200010e/app-root/runtime/repo/e-market/catalog/view/theme/default/template/checkout/checkout.tpl on line 730
2017-02-12 17:12:54 - PHP Notice:  Undefined variable: text_select in /var/lib/openshift/58984b277628e1f7f200010e/app-root/runtime/repo/e-market/catalog/view/theme/default/template/checkout/checkout.tpl on line 759
2017-02-12 17:12:54 - PHP Notice:  Undefined variable: zone_id in /var/lib/openshift/58984b277628e1f7f200010e/app-root/runtime/repo/e-market/catalog/view/theme/default/template/checkout/checkout.tpl on line 765
2017-02-12 17:12:54 - PHP Notice:  Undefined variable: text_none in /var/lib/openshift/58984b277628e1f7f200010e/app-root/runtime/repo/e-market/catalog/view/theme/default/template/checkout/checkout.tpl on line 772
